c:\users\matth\desktop\openglproject\maincode\openglproject\x64\debug\vc143.pdb
c:\users\matth\desktop\openglproject\maincode\openglproject\x64\debug\vc143.idb
c:\users\matth\desktop\openglproject\maincode\openglproject\x64\debug\resizebuffer.obj
c:\users\matth\desktop\openglproject\maincode\openglproject\x64\debug\source.obj
c:\users\matth\desktop\openglproject\maincode\openglproject\x64\debug\openglproject.pdb
c:\users\matth\desktop\openglproject\maincode\openglproject\x64\debug\openglproject.tlog\cl.command.1.tlog
c:\users\matth\desktop\openglproject\maincode\openglproject\x64\debug\openglproject.tlog\cl.read.1.tlog
c:\users\matth\desktop\openglproject\maincode\openglproject\x64\debug\openglproject.tlog\cl.write.1.tlog
c:\users\matth\desktop\openglproject\maincode\openglproject\x64\debug\openglproject.tlog\link-cvtres.read.1.tlog
c:\users\matth\desktop\openglproject\maincode\openglproject\x64\debug\openglproject.tlog\link-cvtres.write.1.tlog
c:\users\matth\desktop\openglproject\maincode\openglproject\x64\debug\openglproject.tlog\link-rc.read.1.tlog
c:\users\matth\desktop\openglproject\maincode\openglproject\x64\debug\openglproject.tlog\link-rc.write.1.tlog
c:\users\matth\desktop\openglproject\maincode\openglproject\x64\debug\openglproject.tlog\link.11332-cvtres.read.1.tlog
c:\users\matth\desktop\openglproject\maincode\openglproject\x64\debug\openglproject.tlog\link.11332-cvtres.write.1.tlog
c:\users\matth\desktop\openglproject\maincode\openglproject\x64\debug\openglproject.tlog\link.11332-rc.read.1.tlog
c:\users\matth\desktop\openglproject\maincode\openglproject\x64\debug\openglproject.tlog\link.11332-rc.write.1.tlog
c:\users\matth\desktop\openglproject\maincode\openglproject\x64\debug\openglproject.tlog\link.11332.read.1.tlog
c:\users\matth\desktop\openglproject\maincode\openglproject\x64\debug\openglproject.tlog\link.11332.read.2.tlog
c:\users\matth\desktop\openglproject\maincode\openglproject\x64\debug\openglproject.tlog\link.11332.write.1.tlog
c:\users\matth\desktop\openglproject\maincode\openglproject\x64\debug\openglproject.tlog\link.command.1.tlog
c:\users\matth\desktop\openglproject\maincode\openglproject\x64\debug\openglproject.tlog\link.read.1.tlog
c:\users\matth\desktop\openglproject\maincode\openglproject\x64\debug\openglproject.tlog\link.read.2.tlog
c:\users\matth\desktop\openglproject\maincode\openglproject\x64\debug\openglproject.tlog\link.write.1.tlog
